
> vibe-generated-app@1.0.0 dev
> vite


  VITE v5.4.20  ready in 326 ms

  ➜  Local:   http://localhost:3000/
  ➜  Network: http://172.20.7.207:3000/
1:08:08 PM [vite] Pre-transform error: Failed to resolve import "chartjs-adapter-date-fns" from "src/components/Chart.jsx". Does the file exist?
1:08:09 PM [vite] Internal server error: Failed to resolve import "chartjs-adapter-date-fns" from "src/components/Chart.jsx". Does the file exist?
  Plugin: vite:import-analysis
  File: /home/workspace/src/components/Chart.jsx:13:7
  12 |    TimeScale
  13 |  } from "chart.js";
  14 |  import "chartjs-adapter-date-fns";
     |          ^
  15 |  ChartJS.register(CategoryScale, LinearScale, PointElement, LineElement, Tooltip, Filler, TimeScale);
  16 |  export default function Chart({ data, loading }) {
      at TransformPluginContext._formatError (file:///home/workspace/node_modules/vite/dist/node/chunks/dep-D_zLpgQd.js:49258:41)
      at TransformPluginContext.error (file:///home/workspace/node_modules/vite/dist/node/chunks/dep-D_zLpgQd.js:49253:16)
      at normalizeUrl (file:///home/workspace/node_modules/vite/dist/node/chunks/dep-D_zLpgQd.js:64306:23)
      at process.processTicksAndRejections (node:internal/process/task_queues:105:5)
      at async file:///home/workspace/node_modules/vite/dist/node/chunks/dep-D_zLpgQd.js:64438:39
      at async Promise.all (index 4)
      at async TransformPluginContext.transform (file:///home/workspace/node_modules/vite/dist/node/chunks/dep-D_zLpgQd.js:64365:7)
      at async PluginContainer.transform (file:///home/workspace/node_modules/vite/dist/node/chunks/dep-D_zLpgQd.js:49099:18)
      at async loadAndTransform (file:///home/workspace/node_modules/vite/dist/node/chunks/dep-D_zLpgQd.js:51977:27)
      at async viteTransformMiddleware (file:///home/workspace/node_modules/vite/dist/node/chunks/dep-D_zLpgQd.js:62105:24)
